[INFO ] 2022-06-29 08:11:45.979 [main] class - *********************************************************************************************************************
[INFO ] 2022-06-29 08:11:45.982 [main] class - Bhasam Arti Excution Started
[INFO ] 2022-06-29 08:11:45.983 [main] class -  Browser launched
[INFO ] 2022-06-29 08:12:06.676 [main] class - Clicked on Bhasam Aarti Booking link and navigated to calenderPage
[INFO ] 2022-06-29 08:12:07.402 [main] class - next button clicked
[INFO ] 2022-06-29 08:12:07.410 [main] class -  page scrolldown
[INFO ] 2022-06-29 08:12:07.545 [main] class - clicked on  july 2nd date
[INFO ] 2022-06-29 08:21:11.535 [main] class - Enter data in FirstName,LastName,ContactNumber,State City and gender
[INFO ] 2022-07-05 10:27:11.833 [main] class - *********************************************************************************************************************
[INFO ] 2022-07-05 10:27:11.836 [main] class - Bhasam Arti Excution Started
[INFO ] 2022-07-05 10:27:11.836 [main] class -  Browser launched
[INFO ] 2022-07-05 10:27:19.403 [main] class - Clicked on Bhasam Aarti Booking link and navigated to calenderPage
[INFO ] 2022-07-05 10:27:20.012 [main] class - next button clicked
[INFO ] 2022-07-05 10:27:20.110 [main] class -  page scrolldown
[INFO ] 2022-07-05 10:27:20.196 [main] class - clicked on  july 2nd date
[INFO ] 2022-07-05 10:30:50.798 [main] class - *********************************************************************************************************************
[INFO ] 2022-07-05 10:30:50.799 [main] class - Bhasam Arti Excution Started
[INFO ] 2022-07-05 10:30:50.799 [main] class -  Browser launched
[INFO ] 2022-07-05 10:30:58.414 [main] class - Clicked on Bhasam Aarti Booking link and navigated to calenderPage
[INFO ] 2022-07-05 10:32:21.725 [main] class - *********************************************************************************************************************
[INFO ] 2022-07-05 10:32:21.728 [main] class - Bhasam Arti Excution Started
[INFO ] 2022-07-05 10:32:21.728 [main] class -  Browser launched
[INFO ] 2022-07-05 10:33:20.357 [main] class - *********************************************************************************************************************
[INFO ] 2022-07-05 10:33:20.358 [main] class - Bhasam Arti Excution Started
[INFO ] 2022-07-05 10:33:20.358 [main] class -  Browser launched
[INFO ] 2022-07-05 10:37:27.776 [main] class - *********************************************************************************************************************
[INFO ] 2022-07-05 10:37:27.778 [main] class - Bhasam Arti Excution Started
[INFO ] 2022-07-05 10:37:27.778 [main] class -  Browser launched
[INFO ] 2022-07-05 10:40:36.985 [main] class - *********************************************************************************************************************
[INFO ] 2022-07-05 10:40:36.987 [main] class - Bhasam Arti Excution Started
[INFO ] 2022-07-05 10:40:36.987 [main] class -  Browser launched
[INFO ] 2022-07-06 19:03:44.484 [main] class - *********************************************************************************************************************
[INFO ] 2022-07-06 19:03:44.497 [main] class - Bhasam Arti Excution Started
[INFO ] 2022-07-06 19:03:44.498 [main] class -  Browser launched
[INFO ] 2022-07-06 19:29:03.688 [main] class - *********************************************************************************************************************
[INFO ] 2022-07-06 19:29:03.692 [main] class - Bhasam Arti Excution Started
[INFO ] 2022-07-06 19:29:03.692 [main] class -  Browser launched
[INFO ] 2022-07-06 19:44:09.332 [main] class - *********************************************************************************************************************
[INFO ] 2022-07-06 19:44:09.337 [main] class - Bhasam Arti Excution Started
[INFO ] 2022-07-06 19:44:09.337 [main] class -  Browser launched
[INFO ] 2022-07-06 19:51:32.985 [main] class - *********************************************************************************************************************
[INFO ] 2022-07-06 19:51:32.992 [main] class - Bhasam Arti Excution Started
[INFO ] 2022-07-06 19:51:32.992 [main] class -  Browser launched
[INFO ] 2022-07-06 20:01:29.600 [main] class - *********************************************************************************************************************
[INFO ] 2022-07-06 20:01:29.604 [main] class - Bhasam Arti Excution Started
[INFO ] 2022-07-06 20:01:29.604 [main] class -  Browser launched
[INFO ] 2022-07-06 20:03:21.255 [main] class - *********************************************************************************************************************
[INFO ] 2022-07-06 20:03:21.261 [main] class - Bhasam Arti Excution Started
[INFO ] 2022-07-06 20:03:21.261 [main] class -  Browser launched
[INFO ] 2022-07-06 20:10:00.001 [main] class - *********************************************************************************************************************
[INFO ] 2022-07-06 20:10:00.005 [main] class - Bhasam Arti Excution Started
[INFO ] 2022-07-06 20:10:00.006 [main] class -  Browser launched
[INFO ] 2022-07-07 09:49:38.922 [main] class - *********************************************************************************************************************
[INFO ] 2022-07-07 09:49:38.968 [main] class - Bhasam Arti Excution Started
[INFO ] 2022-07-07 09:49:38.968 [main] class -  Browser launched
[INFO ] 2022-07-07 09:54:20.484 [main] class - *********************************************************************************************************************
[INFO ] 2022-07-07 09:54:20.489 [main] class - Bhasam Arti Excution Started
[INFO ] 2022-07-07 09:54:20.490 [main] class -  Browser launched
[INFO ] 2022-07-07 09:55:33.856 [main] class - *********************************************************************************************************************
[INFO ] 2022-07-07 09:55:33.864 [main] class - Bhasam Arti Excution Started
[INFO ] 2022-07-07 09:55:33.864 [main] class -  Browser launched
[INFO ] 2022-07-07 09:58:03.809 [main] class - *********************************************************************************************************************
[INFO ] 2022-07-07 09:58:03.814 [main] class - Bhasam Arti Excution Started
[INFO ] 2022-07-07 09:58:03.814 [main] class -  Browser launched
[INFO ] 2022-07-07 10:35:44.575 [main] class - *********************************************************************************************************************
[INFO ] 2022-07-07 10:35:44.606 [main] class - Bhasam Arti Excution Started
[INFO ] 2022-07-07 10:35:44.608 [main] class -  Browser launched
[INFO ] 2022-07-07 10:37:12.271 [main] class - *********************************************************************************************************************
[INFO ] 2022-07-07 10:37:12.359 [main] class - Bhasam Arti Excution Started
[INFO ] 2022-07-07 10:37:12.360 [main] class -  Browser launched
[INFO ] 2022-07-07 10:41:50.758 [main] class - *********************************************************************************************************************
[INFO ] 2022-07-07 10:41:50.869 [main] class - Bhasam Arti Excution Started
[INFO ] 2022-07-07 10:41:50.870 [main] class -  Browser launched
[INFO ] 2022-07-07 10:51:10.217 [main] class - *********************************************************************************************************************
[INFO ] 2022-07-07 10:51:10.262 [main] class - Bhasam Arti Excution Started
[INFO ] 2022-07-07 10:51:10.262 [main] class -  Browser launched
[INFO ] 2022-07-07 11:09:44.741 [main] class - *********************************************************************************************************************
[INFO ] 2022-07-07 11:09:44.745 [main] class - Bhasam Arti Excution Started
[INFO ] 2022-07-07 11:09:44.745 [main] class -  Browser launched
[INFO ] 2022-07-07 11:10:43.650 [main] class - *********************************************************************************************************************
[INFO ] 2022-07-07 11:10:43.656 [main] class - Bhasam Arti Excution Started
[INFO ] 2022-07-07 11:10:43.657 [main] class -  Browser launched
[INFO ] 2022-07-07 11:12:25.117 [main] class - *********************************************************************************************************************
[INFO ] 2022-07-07 11:12:25.213 [main] class - Bhasam Arti Excution Started
[INFO ] 2022-07-07 11:12:25.214 [main] class -  Browser launched
[INFO ] 2022-07-07 11:16:23.422 [main] class - *********************************************************************************************************************
[INFO ] 2022-07-07 11:16:23.550 [main] class - Bhasam Arti Excution Started
[INFO ] 2022-07-07 11:16:23.550 [main] class -  Browser launched
[INFO ] 2022-07-07 11:17:33.553 [main] class - *********************************************************************************************************************
[INFO ] 2022-07-07 11:17:33.556 [main] class - Bhasam Arti Excution Started
[INFO ] 2022-07-07 11:17:33.556 [main] class -  Browser launched
[INFO ] 2022-07-07 23:02:18.556 [main] class - *********************************************************************************************************************
[INFO ] 2022-07-07 23:02:18.644 [main] class - Bhasam Arti Excution Started
[INFO ] 2022-07-07 23:02:18.645 [main] class -  Browser launched
[INFO ] 2022-07-07 23:07:39.402 [main] class - *********************************************************************************************************************
[INFO ] 2022-07-07 23:07:39.412 [main] class - Bhasam Arti Excution Started
[INFO ] 2022-07-07 23:07:39.412 [main] class -  Browser launched
[INFO ] 2022-07-07 23:19:33.498 [main] class - *********************************************************************************************************************
[INFO ] 2022-07-07 23:19:33.998 [main] class - Bhasam Arti Excution Started
[INFO ] 2022-07-07 23:19:33.998 [main] class -  Browser launched
[INFO ] 2022-07-07 23:36:33.696 [main] class - *********************************************************************************************************************
[INFO ] 2022-07-07 23:36:33.793 [main] class - Bhasam Arti Excution Started
[INFO ] 2022-07-07 23:36:33.793 [main] class -  Browser launched
[INFO ] 2022-07-07 23:40:31.264 [main] class - *********************************************************************************************************************
[INFO ] 2022-07-07 23:40:31.365 [main] class - Bhasam Arti Excution Started
[INFO ] 2022-07-07 23:40:31.366 [main] class -  Browser launched
[INFO ] 2022-07-07 23:42:57.404 [main] class - *********************************************************************************************************************
[INFO ] 2022-07-07 23:42:57.520 [main] class - Bhasam Arti Excution Started
[INFO ] 2022-07-07 23:42:57.520 [main] class -  Browser launched
[INFO ] 2022-07-07 23:45:59.225 [main] class - *********************************************************************************************************************
[INFO ] 2022-07-07 23:46:01.399 [main] class - Bhasam Arti Excution Started
[INFO ] 2022-07-07 23:46:01.399 [main] class -  Browser launched
[INFO ] 2022-07-07 23:46:58.013 [main] class - *********************************************************************************************************************
[INFO ] 2022-07-07 23:46:58.016 [main] class - Bhasam Arti Excution Started
[INFO ] 2022-07-07 23:46:58.016 [main] class -  Browser launched
[INFO ] 2022-07-08 13:00:11.649 [main] class - *********************************************************************************************************************
[INFO ] 2022-07-08 13:00:11.652 [main] class - Bhasam Arti Excution Started
[INFO ] 2022-07-08 13:00:11.652 [main] class -  Browser launched
[INFO ] 2022-07-08 13:05:41.023 [main] class - *********************************************************************************************************************
[INFO ] 2022-07-08 13:05:41.026 [main] class - Bhasam Arti Excution Started
[INFO ] 2022-07-08 13:05:41.026 [main] class -  Browser launched
[INFO ] 2022-07-08 13:12:46.079 [main] class - *********************************************************************************************************************
[INFO ] 2022-07-08 13:12:46.083 [main] class - Bhasam Arti Excution Started
[INFO ] 2022-07-08 13:12:46.083 [main] class -  Browser launched
[INFO ] 2022-07-08 13:15:51.796 [main] class - *********************************************************************************************************************
[INFO ] 2022-07-08 13:15:51.799 [main] class - Bhasam Arti Excution Started
[INFO ] 2022-07-08 13:15:51.799 [main] class -  Browser launched
[INFO ] 2022-07-08 13:20:35.897 [main] class - *********************************************************************************************************************
[INFO ] 2022-07-08 13:20:35.900 [main] class - Bhasam Arti Excution Started
[INFO ] 2022-07-08 13:20:35.901 [main] class -  Browser launched
[INFO ] 2022-07-08 13:21:23.545 [main] class - *********************************************************************************************************************
[INFO ] 2022-07-08 13:21:23.548 [main] class - Bhasam Arti Excution Started
[INFO ] 2022-07-08 13:21:23.548 [main] class -  Browser launched
[INFO ] 2022-07-08 13:26:44.107 [main] class - *********************************************************************************************************************
[INFO ] 2022-07-08 13:26:44.109 [main] class - Bhasam Arti Excution Started
[INFO ] 2022-07-08 13:26:44.110 [main] class -  Browser launched
[INFO ] 2022-07-08 13:32:22.668 [main] class - *********************************************************************************************************************
[INFO ] 2022-07-08 13:32:22.670 [main] class - Bhasam Arti Excution Started
[INFO ] 2022-07-08 13:32:22.670 [main] class -  Browser launched
[INFO ] 2022-07-08 13:34:30.542 [main] class - *********************************************************************************************************************
[INFO ] 2022-07-08 13:34:30.545 [main] class - Bhasam Arti Excution Started
[INFO ] 2022-07-08 13:34:30.545 [main] class -  Browser launched
[INFO ] 2022-07-08 13:38:18.569 [main] class - *********************************************************************************************************************
[INFO ] 2022-07-08 13:38:18.570 [main] class - Bhasam Arti Excution Started
[INFO ] 2022-07-08 13:38:18.570 [main] class -  Browser launched
[INFO ] 2022-07-08 13:46:11.685 [main] class - *********************************************************************************************************************
[INFO ] 2022-07-08 13:46:11.687 [main] class - Bhasam Arti Excution Started
[INFO ] 2022-07-08 13:46:11.687 [main] class -  Browser launched
[INFO ] 2022-07-08 13:52:43.333 [main] class - *********************************************************************************************************************
[INFO ] 2022-07-08 13:52:43.336 [main] class - Bhasam Arti Excution Started
[INFO ] 2022-07-08 13:52:43.336 [main] class -  Browser launched
[INFO ] 2022-07-08 14:03:16.193 [main] class - *********************************************************************************************************************
[INFO ] 2022-07-08 14:03:16.195 [main] class - Bhasam Arti Excution Started
[INFO ] 2022-07-08 14:03:16.195 [main] class -  Browser launched
[INFO ] 2022-07-08 14:08:18.064 [main] class - *********************************************************************************************************************
[INFO ] 2022-07-08 14:08:18.066 [main] class - Bhasam Arti Excution Started
[INFO ] 2022-07-08 14:08:18.066 [main] class -  Browser launched
[INFO ] 2022-07-08 14:14:36.020 [main] class - *********************************************************************************************************************
[INFO ] 2022-07-08 14:14:36.022 [main] class - Bhasam Arti Excution Started
[INFO ] 2022-07-08 14:14:36.022 [main] class -  Browser launched
[INFO ] 2022-07-08 14:29:02.814 [main] class - *********************************************************************************************************************
[INFO ] 2022-07-08 14:29:02.815 [main] class - Bhasam Arti Excution Started
[INFO ] 2022-07-08 14:29:02.815 [main] class -  Browser launched
[INFO ] 2022-07-08 14:34:27.681 [main] class - *********************************************************************************************************************
[INFO ] 2022-07-08 14:34:27.683 [main] class - Bhasam Arti Excution Started
[INFO ] 2022-07-08 14:34:27.683 [main] class -  Browser launched
[INFO ] 2022-07-08 14:37:41.877 [main] class - *********************************************************************************************************************
[INFO ] 2022-07-08 14:37:41.878 [main] class - Bhasam Arti Excution Started
[INFO ] 2022-07-08 14:37:41.878 [main] class -  Browser launched
[INFO ] 2022-07-08 14:42:26.565 [main] class - *********************************************************************************************************************
[INFO ] 2022-07-08 14:42:26.568 [main] class - Bhasam Arti Excution Started
[INFO ] 2022-07-08 14:42:26.568 [main] class -  Browser launched
[INFO ] 2022-07-08 14:44:41.865 [main] class - *********************************************************************************************************************
[INFO ] 2022-07-08 14:44:41.868 [main] class - Bhasam Arti Excution Started
[INFO ] 2022-07-08 14:44:41.868 [main] class -  Browser launched
[INFO ] 2022-07-08 14:49:02.463 [main] class - *********************************************************************************************************************
[INFO ] 2022-07-08 14:49:02.466 [main] class - Bhasam Arti Excution Started
[INFO ] 2022-07-08 14:49:02.466 [main] class -  Browser launched
[INFO ] 2022-07-08 14:51:57.379 [main] class - *********************************************************************************************************************
[INFO ] 2022-07-08 14:51:57.381 [main] class - Bhasam Arti Excution Started
[INFO ] 2022-07-08 14:51:57.381 [main] class -  Browser launched
[INFO ] 2022-07-08 14:56:37.079 [main] class - *********************************************************************************************************************
[INFO ] 2022-07-08 14:56:37.082 [main] class - Bhasam Arti Excution Started
[INFO ] 2022-07-08 14:56:37.082 [main] class -  Browser launched
[INFO ] 2022-07-08 14:58:33.928 [main] class - *********************************************************************************************************************
[INFO ] 2022-07-08 14:58:33.931 [main] class - Bhasam Arti Excution Started
[INFO ] 2022-07-08 14:58:33.931 [main] class -  Browser launched
[INFO ] 2022-07-08 15:33:37.530 [main] class - *********************************************************************************************************************
[INFO ] 2022-07-08 15:33:37.535 [main] class - Bhasam Arti Excution Started
[INFO ] 2022-07-08 15:33:37.535 [main] class -  Browser launched
[INFO ] 2022-07-08 15:50:28.037 [main] class - *********************************************************************************************************************
[INFO ] 2022-07-08 15:50:28.042 [main] class - Bhasam Arti Excution Started
[INFO ] 2022-07-08 15:50:28.042 [main] class -  Browser launched
[INFO ] 2022-07-08 15:56:44.600 [main] class - *********************************************************************************************************************
[INFO ] 2022-07-08 15:56:44.602 [main] class - Bhasam Arti Excution Started
[INFO ] 2022-07-08 15:56:44.603 [main] class -  Browser launched
[INFO ] 2022-07-08 16:03:07.979 [main] class - *********************************************************************************************************************
[INFO ] 2022-07-08 16:03:07.982 [main] class - Bhasam Arti Excution Started
[INFO ] 2022-07-08 16:03:07.982 [main] class -  Browser launched
[INFO ] 2022-07-08 16:06:53.384 [main] class - *********************************************************************************************************************
[INFO ] 2022-07-08 16:06:53.388 [main] class - Bhasam Arti Excution Started
[INFO ] 2022-07-08 16:06:53.388 [main] class -  Browser launched
[INFO ] 2022-07-08 16:10:12.368 [main] class - *********************************************************************************************************************
[INFO ] 2022-07-08 16:10:12.371 [main] class - Bhasam Arti Excution Started
[INFO ] 2022-07-08 16:10:12.371 [main] class -  Browser launched
[INFO ] 2022-07-08 16:14:17.356 [main] class - *********************************************************************************************************************
[INFO ] 2022-07-08 16:14:17.358 [main] class - Bhasam Arti Excution Started
[INFO ] 2022-07-08 16:14:17.358 [main] class -  Browser launched
[INFO ] 2022-07-08 16:18:46.322 [main] class - *********************************************************************************************************************
[INFO ] 2022-07-08 16:18:46.324 [main] class - Bhasam Arti Excution Started
[INFO ] 2022-07-08 16:18:46.325 [main] class -  Browser launched
[INFO ] 2022-07-08 16:52:41.354 [main] class - *********************************************************************************************************************
[INFO ] 2022-07-08 16:52:41.359 [main] class - Bhasam Arti Excution Started
[INFO ] 2022-07-08 16:52:41.359 [main] class -  Browser launched
[INFO ] 2022-07-08 16:57:51.088 [main] class - *********************************************************************************************************************
[INFO ] 2022-07-08 16:57:51.093 [main] class - Bhasam Arti Excution Started
[INFO ] 2022-07-08 16:57:51.093 [main] class -  Browser launched
[INFO ] 2022-07-08 17:20:57.011 [main] class - *********************************************************************************************************************
[INFO ] 2022-07-08 17:20:57.016 [main] class - Bhasam Arti Excution Started
[INFO ] 2022-07-08 17:20:57.016 [main] class -  Browser launched
[INFO ] 2022-07-08 17:27:33.006 [main] class - *********************************************************************************************************************
[INFO ] 2022-07-08 17:27:33.009 [main] class - Bhasam Arti Excution Started
[INFO ] 2022-07-08 17:27:33.010 [main] class -  Browser launched
[INFO ] 2022-07-08 17:32:22.164 [main] class - *********************************************************************************************************************
[INFO ] 2022-07-08 17:32:22.168 [main] class - Bhasam Arti Excution Started
[INFO ] 2022-07-08 17:32:22.168 [main] class -  Browser launched
[INFO ] 2022-07-08 17:35:50.643 [main] class - *********************************************************************************************************************
[INFO ] 2022-07-08 17:35:50.647 [main] class - Bhasam Arti Excution Started
[INFO ] 2022-07-08 17:35:50.647 [main] class -  Browser launched
[INFO ] 2022-07-08 17:44:41.948 [main] class - *********************************************************************************************************************
[INFO ] 2022-07-08 17:44:41.950 [main] class - Bhasam Arti Excution Started
[INFO ] 2022-07-08 17:44:41.951 [main] class -  Browser launched
[INFO ] 2022-07-08 17:57:33.941 [main] class - *********************************************************************************************************************
[INFO ] 2022-07-08 17:57:33.944 [main] class - Bhasam Arti Excution Started
[INFO ] 2022-07-08 17:57:33.944 [main] class -  Browser launched
[INFO ] 2022-07-08 18:00:10.692 [main] class - *********************************************************************************************************************
[INFO ] 2022-07-08 18:00:10.694 [main] class - Bhasam Arti Excution Started
[INFO ] 2022-07-08 18:00:10.695 [main] class -  Browser launched
[INFO ] 2022-07-08 18:03:48.055 [main] class - *********************************************************************************************************************
[INFO ] 2022-07-08 18:03:48.057 [main] class - Bhasam Arti Excution Started
[INFO ] 2022-07-08 18:03:48.058 [main] class -  Browser launched
[INFO ] 2022-07-08 18:07:00.777 [main] class - *********************************************************************************************************************
[INFO ] 2022-07-08 18:07:00.780 [main] class - Bhasam Arti Excution Started
[INFO ] 2022-07-08 18:07:00.780 [main] class -  Browser launched
[INFO ] 2022-07-08 18:13:56.989 [main] class - *********************************************************************************************************************
[INFO ] 2022-07-08 18:13:56.991 [main] class - Bhasam Arti Excution Started
[INFO ] 2022-07-08 18:13:56.992 [main] class -  Browser launched
[INFO ] 2022-07-08 18:22:10.623 [main] class - *********************************************************************************************************************
[INFO ] 2022-07-08 18:22:10.626 [main] class - Bhasam Arti Excution Started
[INFO ] 2022-07-08 18:22:10.626 [main] class -  Browser launched
[INFO ] 2022-07-08 18:26:10.926 [main] class - *********************************************************************************************************************
[INFO ] 2022-07-08 18:26:10.929 [main] class - Bhasam Arti Excution Started
[INFO ] 2022-07-08 18:26:10.929 [main] class -  Browser launched
[INFO ] 2022-07-08 18:27:50.458 [main] class - *********************************************************************************************************************
[INFO ] 2022-07-08 18:27:50.461 [main] class - Bhasam Arti Excution Started
[INFO ] 2022-07-08 18:27:50.462 [main] class -  Browser launched
[INFO ] 2022-07-08 18:30:32.627 [main] class - *********************************************************************************************************************
[INFO ] 2022-07-08 18:30:32.632 [main] class - Bhasam Arti Excution Started
[INFO ] 2022-07-08 18:30:32.633 [main] class -  Browser launched
[INFO ] 2022-07-08 18:33:44.583 [main] class - *********************************************************************************************************************
[INFO ] 2022-07-08 18:33:44.590 [main] class - Bhasam Arti Excution Started
[INFO ] 2022-07-08 18:33:44.591 [main] class -  Browser launched
[INFO ] 2022-07-08 18:36:46.893 [main] class - *********************************************************************************************************************
[INFO ] 2022-07-08 18:36:46.895 [main] class - Bhasam Arti Excution Started
[INFO ] 2022-07-08 18:36:46.895 [main] class -  Browser launched
[INFO ] 2022-07-08 18:38:12.067 [main] class - *********************************************************************************************************************
[INFO ] 2022-07-08 18:38:12.071 [main] class - Bhasam Arti Excution Started
[INFO ] 2022-07-08 18:38:12.071 [main] class -  Browser launched
[INFO ] 2022-07-08 18:41:19.984 [main] class - *********************************************************************************************************************
[INFO ] 2022-07-08 18:41:19.987 [main] class - Bhasam Arti Excution Started
[INFO ] 2022-07-08 18:41:19.987 [main] class -  Browser launched
[INFO ] 2022-07-08 18:43:26.354 [main] class - *********************************************************************************************************************
[INFO ] 2022-07-08 18:43:26.357 [main] class - Bhasam Arti Excution Started
[INFO ] 2022-07-08 18:43:26.357 [main] class -  Browser launched
[INFO ] 2022-07-08 18:46:24.515 [main] class - *********************************************************************************************************************
[INFO ] 2022-07-08 18:46:24.519 [main] class - Bhasam Arti Excution Started
[INFO ] 2022-07-08 18:46:24.519 [main] class -  Browser launched
[INFO ] 2022-07-08 18:50:34.688 [main] class - *********************************************************************************************************************
[INFO ] 2022-07-08 18:50:34.691 [main] class - Bhasam Arti Excution Started
[INFO ] 2022-07-08 18:50:34.691 [main] class -  Browser launched
[INFO ] 2022-07-08 18:54:23.117 [main] class - *********************************************************************************************************************
[INFO ] 2022-07-08 18:54:23.121 [main] class - Bhasam Arti Excution Started
[INFO ] 2022-07-08 18:54:23.121 [main] class -  Browser launched
[INFO ] 2022-07-08 19:02:51.407 [main] class - *********************************************************************************************************************
[INFO ] 2022-07-08 19:02:51.408 [main] class - Bhasam Arti Excution Started
[INFO ] 2022-07-08 19:02:51.409 [main] class -  Browser launched
[INFO ] 2022-07-08 19:19:20.343 [main] class - *********************************************************************************************************************
[INFO ] 2022-07-08 19:19:20.351 [main] class - Bhasam Arti Excution Started
[INFO ] 2022-07-08 19:19:20.351 [main] class -  Browser launched
[INFO ] 2022-07-08 19:23:37.445 [main] class - *********************************************************************************************************************
[INFO ] 2022-07-08 19:23:37.452 [main] class - Bhasam Arti Excution Started
[INFO ] 2022-07-08 19:23:37.452 [main] class -  Browser launched
[INFO ] 2022-07-08 19:26:38.028 [main] class - *********************************************************************************************************************
[INFO ] 2022-07-08 19:26:38.036 [main] class - Bhasam Arti Excution Started
[INFO ] 2022-07-08 19:26:38.036 [main] class -  Browser launched
[INFO ] 2022-07-08 19:29:44.237 [main] class - *********************************************************************************************************************
[INFO ] 2022-07-08 19:29:44.241 [main] class - Bhasam Arti Excution Started
[INFO ] 2022-07-08 19:29:44.241 [main] class -  Browser launched
[INFO ] 2022-07-08 19:32:14.892 [main] class - *********************************************************************************************************************
[INFO ] 2022-07-08 19:32:14.898 [main] class - Bhasam Arti Excution Started
[INFO ] 2022-07-08 19:32:14.898 [main] class -  Browser launched
[INFO ] 2022-07-08 19:40:21.303 [main] class - *********************************************************************************************************************
[INFO ] 2022-07-08 19:40:21.307 [main] class - Bhasam Arti Excution Started
[INFO ] 2022-07-08 19:40:21.307 [main] class -  Browser launched
[INFO ] 2022-07-08 20:53:27.318 [main] class - *********************************************************************************************************************
[INFO ] 2022-07-08 20:53:27.321 [main] class - Bhasam Arti Excution Started
[INFO ] 2022-07-08 20:53:27.321 [main] class -  Browser launched
[INFO ] 2022-07-12 13:31:41.891 [main] class - *********************************************************************************************************************
[INFO ] 2022-07-12 13:31:41.895 [main] class - Bhasam Arti Excution Started
[INFO ] 2022-07-12 13:31:41.895 [main] class -  Browser launched
[INFO ] 2022-07-12 13:37:58.304 [main] class - *********************************************************************************************************************
[INFO ] 2022-07-12 13:37:58.309 [main] class - Bhasam Arti Excution Started
[INFO ] 2022-07-12 13:37:58.309 [main] class -  Browser launched
[INFO ] 2022-07-12 13:39:18.800 [main] class - *********************************************************************************************************************
[INFO ] 2022-07-12 13:39:18.803 [main] class - Bhasam Arti Excution Started
[INFO ] 2022-07-12 13:39:18.803 [main] class -  Browser launched
[INFO ] 2022-07-12 13:41:03.486 [main] class - *********************************************************************************************************************
[INFO ] 2022-07-12 13:41:03.489 [main] class - Bhasam Arti Excution Started
[INFO ] 2022-07-12 13:41:03.489 [main] class -  Browser launched
[INFO ] 2022-07-12 13:44:47.398 [main] class - *********************************************************************************************************************
[INFO ] 2022-07-12 13:44:47.402 [main] class - Bhasam Arti Excution Started
[INFO ] 2022-07-12 13:44:47.403 [main] class -  Browser launched
[INFO ] 2022-07-12 13:53:15.398 [main] class - *********************************************************************************************************************
[INFO ] 2022-07-12 13:53:15.404 [main] class - Bhasam Arti Excution Started
[INFO ] 2022-07-12 13:53:15.405 [main] class -  Browser launched
[INFO ] 2022-07-12 13:56:01.927 [main] class - *********************************************************************************************************************
[INFO ] 2022-07-12 13:56:01.930 [main] class - Bhasam Arti Excution Started
[INFO ] 2022-07-12 13:56:01.931 [main] class -  Browser launched
[INFO ] 2022-07-12 13:56:16.023 [main] class - *********************************************************************************************************************
[INFO ] 2022-07-12 13:56:16.029 [main] class - Bhasam Arti Excution Started
[INFO ] 2022-07-12 13:56:16.030 [main] class -  Browser launched
[INFO ] 2022-07-12 13:58:38.397 [main] class - *********************************************************************************************************************
[INFO ] 2022-07-12 13:58:38.403 [main] class - Bhasam Arti Excution Started
[INFO ] 2022-07-12 13:58:38.403 [main] class -  Browser launched
[INFO ] 2022-07-12 14:04:37.554 [main] class - *********************************************************************************************************************
[INFO ] 2022-07-12 14:04:37.558 [main] class - Bhasam Arti Excution Started
[INFO ] 2022-07-12 14:04:37.558 [main] class -  Browser launched
[INFO ] 2022-07-12 14:06:49.229 [main] class - *********************************************************************************************************************
[INFO ] 2022-07-12 14:06:49.231 [main] class - Bhasam Arti Excution Started
[INFO ] 2022-07-12 14:06:49.233 [main] class -  Browser launched
[INFO ] 2022-07-12 14:11:34.404 [main] class - *********************************************************************************************************************
[INFO ] 2022-07-12 14:11:34.408 [main] class - Bhasam Arti Excution Started
[INFO ] 2022-07-12 14:11:34.408 [main] class -  Browser launched
[INFO ] 2022-07-12 14:20:41.999 [main] class - *********************************************************************************************************************
[INFO ] 2022-07-12 14:20:42.006 [main] class - Bhasam Arti Excution Started
[INFO ] 2022-07-12 14:20:42.006 [main] class -  Browser launched
[INFO ] 2022-07-12 14:23:48.689 [main] class - *********************************************************************************************************************
[INFO ] 2022-07-12 14:23:48.696 [main] class - Bhasam Arti Excution Started
[INFO ] 2022-07-12 14:23:48.697 [main] class -  Browser launched
[INFO ] 2022-07-12 14:28:43.761 [main] class - *********************************************************************************************************************
[INFO ] 2022-07-12 14:28:43.765 [main] class - Bhasam Arti Excution Started
[INFO ] 2022-07-12 14:28:43.765 [main] class -  Browser launched
[INFO ] 2022-07-12 14:37:27.194 [main] class - *********************************************************************************************************************
[INFO ] 2022-07-12 14:37:27.197 [main] class - Bhasam Arti Excution Started
[INFO ] 2022-07-12 14:37:27.197 [main] class -  Browser launched
[INFO ] 2022-07-12 14:38:51.705 [main] class - *********************************************************************************************************************
[INFO ] 2022-07-12 14:38:51.711 [main] class - Bhasam Arti Excution Started
[INFO ] 2022-07-12 14:38:51.711 [main] class -  Browser launched
[INFO ] 2022-07-12 14:43:05.827 [main] class - *********************************************************************************************************************
[INFO ] 2022-07-12 14:43:05.831 [main] class - Bhasam Arti Excution Started
[INFO ] 2022-07-12 14:43:05.832 [main] class -  Browser launched
[INFO ] 2022-07-12 14:56:12.739 [main] class - *********************************************************************************************************************
[INFO ] 2022-07-12 14:56:12.743 [main] class - Bhasam Arti Excution Started
[INFO ] 2022-07-12 14:56:12.743 [main] class -  Browser launched
[INFO ] 2022-07-12 14:57:50.782 [main] class - *********************************************************************************************************************
[INFO ] 2022-07-12 14:57:50.786 [main] class - Bhasam Arti Excution Started
[INFO ] 2022-07-12 14:57:50.786 [main] class -  Browser launched
[INFO ] 2022-07-12 15:00:24.983 [main] class - *********************************************************************************************************************
[INFO ] 2022-07-12 15:00:24.987 [main] class - Bhasam Arti Excution Started
[INFO ] 2022-07-12 15:00:24.988 [main] class -  Browser launched
[INFO ] 2022-07-12 15:38:14.630 [main] class - *********************************************************************************************************************
[INFO ] 2022-07-12 15:38:14.633 [main] class - Bhasam Arti Excution Started
[INFO ] 2022-07-12 15:38:14.634 [main] class -  Browser launched
[INFO ] 2022-07-12 15:44:08.425 [main] class - *********************************************************************************************************************
[INFO ] 2022-07-12 15:44:08.428 [main] class - Bhasam Arti Excution Started
[INFO ] 2022-07-12 15:44:08.428 [main] class -  Browser launched
[INFO ] 2022-07-12 15:46:57.891 [main] class - *********************************************************************************************************************
[INFO ] 2022-07-12 15:46:57.895 [main] class - Bhasam Arti Excution Started
[INFO ] 2022-07-12 15:46:57.895 [main] class -  Browser launched
[INFO ] 2022-07-12 15:48:59.636 [main] class - *********************************************************************************************************************
[INFO ] 2022-07-12 15:48:59.640 [main] class - Bhasam Arti Excution Started
[INFO ] 2022-07-12 15:48:59.640 [main] class -  Browser launched
[INFO ] 2022-07-12 15:50:43.327 [main] class - *********************************************************************************************************************
[INFO ] 2022-07-12 15:50:43.330 [main] class - Bhasam Arti Excution Started
[INFO ] 2022-07-12 15:50:43.330 [main] class -  Browser launched
[INFO ] 2022-07-13 13:09:29.728 [main] class - *********************************************************************************************************************
[INFO ] 2022-07-13 13:09:29.734 [main] class - Bhasam Arti Excution Started
[INFO ] 2022-07-13 13:09:29.735 [main] class -  Browser launched
[INFO ] 2022-07-13 13:15:15.612 [main] class - *********************************************************************************************************************
[INFO ] 2022-07-13 13:15:15.618 [main] class - Bhasam Arti Excution Started
[INFO ] 2022-07-13 13:15:15.619 [main] class -  Browser launched
[INFO ] 2022-07-13 13:37:08.428 [main] class - *********************************************************************************************************************
[INFO ] 2022-07-13 13:37:08.435 [main] class - Bhasam Arti Excution Started
[INFO ] 2022-07-13 13:37:08.435 [main] class -  Browser launched
[INFO ] 2022-07-13 13:42:54.907 [main] class - *********************************************************************************************************************
[INFO ] 2022-07-13 13:42:54.913 [main] class - Bhasam Arti Excution Started
[INFO ] 2022-07-13 13:42:54.913 [main] class -  Browser launched
[INFO ] 2022-07-13 13:50:50.769 [main] class - *********************************************************************************************************************
[INFO ] 2022-07-13 13:50:50.775 [main] class - Bhasam Arti Excution Started
[INFO ] 2022-07-13 13:50:50.776 [main] class -  Browser launched
[INFO ] 2022-07-13 13:52:08.425 [main] class - *********************************************************************************************************************
[INFO ] 2022-07-13 13:52:08.430 [main] class - Bhasam Arti Excution Started
[INFO ] 2022-07-13 13:52:08.430 [main] class -  Browser launched
[INFO ] 2022-07-13 13:52:55.057 [main] class - *********************************************************************************************************************
[INFO ] 2022-07-13 13:52:55.063 [main] class - Bhasam Arti Excution Started
[INFO ] 2022-07-13 13:52:55.063 [main] class -  Browser launched
[INFO ] 2022-07-13 13:54:20.542 [main] class - *********************************************************************************************************************
[INFO ] 2022-07-13 13:54:20.547 [main] class - Bhasam Arti Excution Started
[INFO ] 2022-07-13 13:54:20.547 [main] class -  Browser launched
[INFO ] 2022-07-13 14:01:40.781 [main] class - *********************************************************************************************************************
[INFO ] 2022-07-13 14:01:40.787 [main] class - Bhasam Arti Excution Started
[INFO ] 2022-07-13 14:01:40.787 [main] class -  Browser launched
[INFO ] 2022-07-13 14:03:43.457 [main] class - *********************************************************************************************************************
[INFO ] 2022-07-13 14:03:43.465 [main] class - Bhasam Arti Excution Started
[INFO ] 2022-07-13 14:03:43.466 [main] class -  Browser launched
[INFO ] 2022-07-13 14:05:49.917 [main] class - *********************************************************************************************************************
[INFO ] 2022-07-13 14:05:49.920 [main] class - Bhasam Arti Excution Started
[INFO ] 2022-07-13 14:05:49.920 [main] class -  Browser launched
[INFO ] 2022-07-13 14:11:12.683 [main] class - *********************************************************************************************************************
[INFO ] 2022-07-13 14:11:12.689 [main] class - Bhasam Arti Excution Started
[INFO ] 2022-07-13 14:11:12.689 [main] class -  Browser launched
[INFO ] 2022-07-13 14:12:09.200 [main] class - *********************************************************************************************************************
[INFO ] 2022-07-13 14:12:09.203 [main] class - Bhasam Arti Excution Started
[INFO ] 2022-07-13 14:12:09.203 [main] class -  Browser launched
[INFO ] 2022-07-13 14:17:38.422 [main] class - *********************************************************************************************************************
[INFO ] 2022-07-13 14:17:38.428 [main] class - Bhasam Arti Excution Started
[INFO ] 2022-07-13 14:17:38.428 [main] class -  Browser launched
[INFO ] 2022-07-15 10:41:16.969 [main] class - *********************************************************************************************************************
[INFO ] 2022-07-15 10:41:16.973 [main] class - Bhasam Arti Excution Started
[INFO ] 2022-07-15 10:41:16.973 [main] class -  Browser launched
[INFO ] 2022-07-15 10:42:04.948 [main] class - *********************************************************************************************************************
[INFO ] 2022-07-15 10:42:04.951 [main] class - Bhasam Arti Excution Started
[INFO ] 2022-07-15 10:42:04.952 [main] class -  Browser launched
[INFO ] 2022-07-15 10:45:57.804 [main] class - *********************************************************************************************************************
[INFO ] 2022-07-15 10:45:57.807 [main] class - Bhasam Arti Excution Started
[INFO ] 2022-07-15 10:45:57.807 [main] class -  Browser launched
[INFO ] 2022-07-15 10:49:08.502 [main] class - *********************************************************************************************************************
[INFO ] 2022-07-15 10:49:08.504 [main] class - Bhasam Arti Excution Started
[INFO ] 2022-07-15 10:49:08.505 [main] class -  Browser launched
[INFO ] 2022-07-15 10:50:38.410 [main] class - *********************************************************************************************************************
[INFO ] 2022-07-15 10:50:38.413 [main] class - Bhasam Arti Excution Started
[INFO ] 2022-07-15 10:50:38.413 [main] class -  Browser launched
[INFO ] 2022-07-15 10:57:45.585 [main] class - *********************************************************************************************************************
[INFO ] 2022-07-15 10:57:45.589 [main] class - Bhasam Arti Excution Started
[INFO ] 2022-07-15 10:57:45.589 [main] class -  Browser launched
[INFO ] 2022-07-15 10:59:01.244 [main] class - *********************************************************************************************************************
[INFO ] 2022-07-15 10:59:01.248 [main] class - Bhasam Arti Excution Started
[INFO ] 2022-07-15 10:59:01.248 [main] class -  Browser launched
[INFO ] 2022-07-15 11:00:15.618 [main] class - *********************************************************************************************************************
[INFO ] 2022-07-15 11:00:15.622 [main] class - Bhasam Arti Excution Started
[INFO ] 2022-07-15 11:00:15.622 [main] class -  Browser launched
[INFO ] 2022-07-15 11:01:15.155 [main] class - *********************************************************************************************************************
[INFO ] 2022-07-15 11:01:15.159 [main] class - Bhasam Arti Excution Started
[INFO ] 2022-07-15 11:01:15.159 [main] class -  Browser launched
[INFO ] 2022-07-15 11:03:17.464 [main] class - *********************************************************************************************************************
[INFO ] 2022-07-15 11:03:17.468 [main] class - Bhasam Arti Excution Started
[INFO ] 2022-07-15 11:03:17.468 [main] class -  Browser launched
[INFO ] 2022-07-15 11:03:47.246 [main] class - *********************************************************************************************************************
[INFO ] 2022-07-15 11:03:47.249 [main] class - Bhasam Arti Excution Started
[INFO ] 2022-07-15 11:03:47.249 [main] class -  Browser launched
[INFO ] 2022-07-15 11:06:09.136 [main] class - *********************************************************************************************************************
[INFO ] 2022-07-15 11:06:09.139 [main] class - Bhasam Arti Excution Started
[INFO ] 2022-07-15 11:06:09.139 [main] class -  Browser launched
[INFO ] 2022-07-15 11:09:56.359 [main] class - *********************************************************************************************************************
[INFO ] 2022-07-15 11:09:56.363 [main] class - Bhasam Arti Excution Started
[INFO ] 2022-07-15 11:09:56.363 [main] class -  Browser launched
[INFO ] 2022-07-15 11:10:56.488 [main] class - *********************************************************************************************************************
[INFO ] 2022-07-15 11:10:56.491 [main] class - Bhasam Arti Excution Started
[INFO ] 2022-07-15 11:10:56.491 [main] class -  Browser launched
[INFO ] 2022-07-15 11:11:50.851 [main] class - *********************************************************************************************************************
[INFO ] 2022-07-15 11:11:50.855 [main] class - Bhasam Arti Excution Started
[INFO ] 2022-07-15 11:11:50.855 [main] class -  Browser launched
[INFO ] 2022-07-15 11:17:57.822 [main] class - *********************************************************************************************************************
[INFO ] 2022-07-15 11:17:57.826 [main] class - Bhasam Arti Excution Started
[INFO ] 2022-07-15 11:17:57.826 [main] class -  Browser launched
[INFO ] 2022-07-15 11:19:46.558 [main] class - *********************************************************************************************************************
[INFO ] 2022-07-15 11:19:46.561 [main] class - Bhasam Arti Excution Started
[INFO ] 2022-07-15 11:19:46.562 [main] class -  Browser launched
[INFO ] 2022-07-15 11:20:38.733 [main] class - *********************************************************************************************************************
[INFO ] 2022-07-15 11:20:38.735 [main] class - Bhasam Arti Excution Started
[INFO ] 2022-07-15 11:20:38.735 [main] class -  Browser launched
[INFO ] 2022-07-15 11:21:19.815 [main] class - *********************************************************************************************************************
[INFO ] 2022-07-15 11:21:19.818 [main] class - Bhasam Arti Excution Started
[INFO ] 2022-07-15 11:21:19.818 [main] class -  Browser launched
[INFO ] 2022-07-15 11:21:52.367 [main] class - *********************************************************************************************************************
[INFO ] 2022-07-15 11:21:52.372 [main] class - Bhasam Arti Excution Started
[INFO ] 2022-07-15 11:21:52.372 [main] class -  Browser launched
[INFO ] 2022-07-15 11:28:21.499 [main] class - *********************************************************************************************************************
[INFO ] 2022-07-15 11:28:21.504 [main] class - Bhasam Arti Excution Started
[INFO ] 2022-07-15 11:28:21.504 [main] class -  Browser launched
[INFO ] 2022-07-15 11:29:39.618 [main] class - *********************************************************************************************************************
[INFO ] 2022-07-15 11:29:39.623 [main] class - Bhasam Arti Excution Started
[INFO ] 2022-07-15 11:29:39.624 [main] class -  Browser launched
[INFO ] 2022-07-15 11:31:12.289 [main] class - *********************************************************************************************************************
[INFO ] 2022-07-15 11:31:12.293 [main] class - Bhasam Arti Excution Started
[INFO ] 2022-07-15 11:31:12.295 [main] class -  Browser launched
[INFO ] 2022-07-15 11:32:05.361 [main] class - *********************************************************************************************************************
[INFO ] 2022-07-15 11:32:05.365 [main] class - Bhasam Arti Excution Started
[INFO ] 2022-07-15 11:32:05.366 [main] class -  Browser launched
[INFO ] 2022-07-15 11:33:16.935 [main] class - *********************************************************************************************************************
[INFO ] 2022-07-15 11:33:16.942 [main] class - Bhasam Arti Excution Started
[INFO ] 2022-07-15 11:33:16.942 [main] class -  Browser launched
[INFO ] 2022-07-15 11:34:03.483 [main] class - *********************************************************************************************************************
[INFO ] 2022-07-15 11:34:03.488 [main] class - Bhasam Arti Excution Started
[INFO ] 2022-07-15 11:34:03.489 [main] class -  Browser launched
[INFO ] 2022-07-15 11:35:01.879 [main] class - *********************************************************************************************************************
[INFO ] 2022-07-15 11:35:01.882 [main] class - Bhasam Arti Excution Started
[INFO ] 2022-07-15 11:35:01.882 [main] class -  Browser launched
[INFO ] 2022-07-15 11:36:28.022 [main] class - *********************************************************************************************************************
[INFO ] 2022-07-15 11:36:28.027 [main] class - Bhasam Arti Excution Started
[INFO ] 2022-07-15 11:36:28.028 [main] class -  Browser launched
[INFO ] 2022-07-15 11:38:51.089 [main] class - *********************************************************************************************************************
[INFO ] 2022-07-15 11:38:51.094 [main] class - Bhasam Arti Excution Started
[INFO ] 2022-07-15 11:38:51.095 [main] class -  Browser launched
[INFO ] 2022-07-15 11:40:14.867 [main] class - *********************************************************************************************************************
[INFO ] 2022-07-15 11:40:14.871 [main] class - Bhasam Arti Excution Started
[INFO ] 2022-07-15 11:40:14.871 [main] class -  Browser launched
[INFO ] 2022-07-15 11:40:49.482 [main] class - *********************************************************************************************************************
[INFO ] 2022-07-15 11:40:49.488 [main] class - Bhasam Arti Excution Started
[INFO ] 2022-07-15 11:40:49.488 [main] class -  Browser launched
[INFO ] 2022-07-15 11:47:43.395 [main] class - *********************************************************************************************************************
[INFO ] 2022-07-15 11:47:43.401 [main] class - Bhasam Arti Excution Started
[INFO ] 2022-07-15 11:47:43.401 [main] class -  Browser launched
[INFO ] 2022-07-15 11:50:02.089 [main] class - *********************************************************************************************************************
[INFO ] 2022-07-15 11:50:02.095 [main] class - Bhasam Arti Excution Started
[INFO ] 2022-07-15 11:50:02.095 [main] class -  Browser launched
[INFO ] 2022-07-15 11:50:39.973 [main] class - *********************************************************************************************************************
[INFO ] 2022-07-15 11:50:39.976 [main] class - Bhasam Arti Excution Started
[INFO ] 2022-07-15 11:50:39.976 [main] class -  Browser launched
[INFO ] 2022-07-15 11:51:23.434 [main] class - *********************************************************************************************************************
[INFO ] 2022-07-15 11:51:23.437 [main] class - Bhasam Arti Excution Started
[INFO ] 2022-07-15 11:51:23.438 [main] class -  Browser launched
[INFO ] 2022-07-15 11:52:46.625 [main] class - *********************************************************************************************************************
[INFO ] 2022-07-15 11:52:46.629 [main] class - Bhasam Arti Excution Started
[INFO ] 2022-07-15 11:52:46.629 [main] class -  Browser launched
[INFO ] 2022-07-15 11:55:49.341 [main] class - *********************************************************************************************************************
[INFO ] 2022-07-15 11:55:49.344 [main] class - Bhasam Arti Excution Started
[INFO ] 2022-07-15 11:55:49.345 [main] class -  Browser launched
[INFO ] 2022-07-15 11:58:22.465 [main] class - *********************************************************************************************************************
[INFO ] 2022-07-15 11:58:22.470 [main] class - Bhasam Arti Excution Started
[INFO ] 2022-07-15 11:58:22.471 [main] class -  Browser launched
[INFO ] 2022-07-15 11:59:47.104 [main] class - *********************************************************************************************************************
[INFO ] 2022-07-15 11:59:47.109 [main] class - Bhasam Arti Excution Started
[INFO ] 2022-07-15 11:59:47.109 [main] class -  Browser launched
[INFO ] 2022-07-15 12:00:44.473 [main] class - *********************************************************************************************************************
[INFO ] 2022-07-15 12:00:44.477 [main] class - Bhasam Arti Excution Started
[INFO ] 2022-07-15 12:00:44.477 [main] class -  Browser launched
[INFO ] 2022-07-15 12:01:24.051 [main] class - *********************************************************************************************************************
[INFO ] 2022-07-15 12:01:24.057 [main] class - Bhasam Arti Excution Started
[INFO ] 2022-07-15 12:01:24.058 [main] class -  Browser launched
[INFO ] 2022-07-15 12:03:18.926 [main] class - *********************************************************************************************************************
[INFO ] 2022-07-15 12:03:18.929 [main] class - Bhasam Arti Excution Started
[INFO ] 2022-07-15 12:03:18.929 [main] class -  Browser launched
[INFO ] 2022-07-15 12:06:15.405 [main] class - *********************************************************************************************************************
[INFO ] 2022-07-15 12:06:15.409 [main] class - Bhasam Arti Excution Started
[INFO ] 2022-07-15 12:06:15.410 [main] class -  Browser launched
[INFO ] 2022-07-15 13:39:28.362 [main] class - *********************************************************************************************************************
[INFO ] 2022-07-15 13:39:28.371 [main] class - Bhasam Arti Excution Started
[INFO ] 2022-07-15 13:39:28.372 [main] class -  Browser launched
[INFO ] 2022-07-15 13:41:06.580 [main] class - *********************************************************************************************************************
[INFO ] 2022-07-15 13:41:06.586 [main] class - Bhasam Arti Excution Started
[INFO ] 2022-07-15 13:41:06.586 [main] class -  Browser launched
[INFO ] 2022-07-15 13:44:48.430 [main] class - *********************************************************************************************************************
[INFO ] 2022-07-15 13:44:48.434 [main] class - Bhasam Arti Excution Started
[INFO ] 2022-07-15 13:44:48.434 [main] class -  Browser launched
[INFO ] 2022-07-15 13:47:09.229 [main] class - *********************************************************************************************************************
[INFO ] 2022-07-15 13:47:09.233 [main] class - Bhasam Arti Excution Started
[INFO ] 2022-07-15 13:47:09.233 [main] class -  Browser launched
[INFO ] 2022-07-15 13:50:22.364 [main] class - *********************************************************************************************************************
[INFO ] 2022-07-15 13:50:22.369 [main] class - Bhasam Arti Excution Started
[INFO ] 2022-07-15 13:50:22.369 [main] class -  Browser launched
[INFO ] 2022-07-15 13:51:36.065 [main] class - *********************************************************************************************************************
[INFO ] 2022-07-15 13:51:36.072 [main] class - Bhasam Arti Excution Started
[INFO ] 2022-07-15 13:51:36.072 [main] class -  Browser launched
[INFO ] 2022-07-15 13:52:30.206 [main] class - *********************************************************************************************************************
[INFO ] 2022-07-15 13:52:30.210 [main] class - Bhasam Arti Excution Started
[INFO ] 2022-07-15 13:52:30.210 [main] class -  Browser launched
[INFO ] 2022-07-15 13:56:33.868 [main] class - *********************************************************************************************************************
[INFO ] 2022-07-15 13:56:33.872 [main] class - Bhasam Arti Excution Started
[INFO ] 2022-07-15 13:56:33.873 [main] class -  Browser launched
[INFO ] 2022-07-15 13:58:02.624 [main] class - *********************************************************************************************************************
[INFO ] 2022-07-15 13:58:02.628 [main] class - Bhasam Arti Excution Started
[INFO ] 2022-07-15 13:58:02.628 [main] class -  Browser launched
[INFO ] 2022-07-15 14:00:36.485 [main] class - *********************************************************************************************************************
[INFO ] 2022-07-15 14:00:36.490 [main] class - Bhasam Arti Excution Started
[INFO ] 2022-07-15 14:00:36.490 [main] class -  Browser launched
[INFO ] 2022-07-15 14:03:35.685 [main] class - *********************************************************************************************************************
[INFO ] 2022-07-15 14:03:35.690 [main] class - Bhasam Arti Excution Started
[INFO ] 2022-07-15 14:03:35.690 [main] class -  Browser launched
[INFO ] 2022-07-15 14:04:50.219 [main] class - *********************************************************************************************************************
[INFO ] 2022-07-15 14:04:50.224 [main] class - Bhasam Arti Excution Started
[INFO ] 2022-07-15 14:04:50.224 [main] class -  Browser launched
[INFO ] 2022-07-15 14:06:39.197 [main] class - *********************************************************************************************************************
[INFO ] 2022-07-15 14:06:39.202 [main] class - Bhasam Arti Excution Started
[INFO ] 2022-07-15 14:06:39.202 [main] class -  Browser launched
[INFO ] 2022-07-15 14:07:32.798 [main] class - *********************************************************************************************************************
[INFO ] 2022-07-15 14:07:32.802 [main] class - Bhasam Arti Excution Started
[INFO ] 2022-07-15 14:07:32.803 [main] class -  Browser launched
[INFO ] 2022-07-15 14:08:52.000 [main] class - *********************************************************************************************************************
[INFO ] 2022-07-15 14:08:52.006 [main] class - Bhasam Arti Excution Started
[INFO ] 2022-07-15 14:08:52.006 [main] class -  Browser launched
[INFO ] 2022-07-15 14:10:13.142 [main] class - *********************************************************************************************************************
[INFO ] 2022-07-15 14:10:13.148 [main] class - Bhasam Arti Excution Started
[INFO ] 2022-07-15 14:10:13.149 [main] class -  Browser launched
[INFO ] 2022-07-15 14:15:56.002 [main] class - *********************************************************************************************************************
[INFO ] 2022-07-15 14:15:56.005 [main] class - Bhasam Arti Excution Started
[INFO ] 2022-07-15 14:15:56.005 [main] class -  Browser launched
[INFO ] 2022-07-15 14:48:22.538 [main] class - *********************************************************************************************************************
[INFO ] 2022-07-15 14:48:22.542 [main] class - Bhasam Arti Excution Started
[INFO ] 2022-07-15 14:48:22.543 [main] class -  Browser launched
[INFO ] 2022-07-15 14:48:58.946 [main] class - *********************************************************************************************************************
[INFO ] 2022-07-15 14:48:58.950 [main] class - Bhasam Arti Excution Started
[INFO ] 2022-07-15 14:48:58.950 [main] class -  Browser launched
[INFO ] 2022-07-15 15:38:33.833 [main] class - *********************************************************************************************************************
[INFO ] 2022-07-15 15:38:33.847 [main] class - Bhasam Arti Excution Started
[INFO ] 2022-07-15 15:38:33.847 [main] class -  Browser launched
[INFO ] 2022-07-15 15:39:51.314 [main] class - *********************************************************************************************************************
[INFO ] 2022-07-15 15:39:51.317 [main] class - Bhasam Arti Excution Started
[INFO ] 2022-07-15 15:39:51.317 [main] class -  Browser launched
[INFO ] 2022-12-11 12:19:17.695 [main] class - *********************************************************************************************************************
[INFO ] 2022-12-11 12:19:17.697 [main] class - Bhasam Arti Excution Started
[INFO ] 2022-12-11 12:19:17.697 [main] class -  Browser launched
